<?xml version="1.0" encoding="UTF-8"?>
<!-- Generated by org.testng.reporters.JUnitReportReporter -->
<testsuite hostname="LAPTOP-IVL2HKTT" failures="0" tests="5" name="ebanking.testcases.TC_LoginDDT_1101" time="55.469" errors="0" timestamp="2024-01-21T15:28:15 GMT+01:00" skipped="0">
  <testcase classname="ebanking.testcases.TC_LoginDDT_1101" name="LoginDDT" time="8.068"/>
  <testcase classname="ebanking.testcases.TC_LoginDDT_1101" name="LoginDDT" time="15.191"/>
  <testcase classname="ebanking.testcases.TC_LoginDDT_1101" name="LoginDDT" time="0.001"/>
  <testcase classname="ebanking.testcases.TC_LoginDDT_1101" name="LoginDDT" time="15.258"/>
  <testcase classname="ebanking.testcases.TC_LoginDDT_1101" name="LoginDDT" time="16.951"/>
</testsuite> <!-- ebanking.testcases.TC_LoginDDT_1101 -->
