<?xml version="1.0" encoding="UTF-8"?>
<!-- Generated by org.testng.reporters.JUnitReportReporter -->
<testsuite hostname="LAPTOP-IVL2HKTT" failures="0" tests="5" name="ebanking.testcases.TC_LoginDDT_1101" time="23.201" errors="0" timestamp="2024-01-21T19:00:18 GMT+01:00" skipped="0">
  <testcase classname="ebanking.testcases.TC_LoginDDT_1101" name="LoginDDT" time="0.003"/>
  <testcase classname="ebanking.testcases.TC_LoginDDT_1101" name="LoginDDT" time="4.443"/>
  <testcase classname="ebanking.testcases.TC_LoginDDT_1101" name="LoginDDT" time="5.308"/>
  <testcase classname="ebanking.testcases.TC_LoginDDT_1101" name="LoginDDT" time="8.448"/>
  <testcase classname="ebanking.testcases.TC_LoginDDT_1101" name="LoginDDT" time="4.999"/>
</testsuite> <!-- ebanking.testcases.TC_LoginDDT_1101 -->
