<?xml version="1.0" encoding="UTF-8"?>
<!-- Generated by org.testng.reporters.JUnitReportReporter -->
<testsuite hostname="LAPTOP-IVL2HKTT" failures="0" tests="1" name="ebanking.testcases.TC_AddNewCustomer_1103" time="12.854" errors="0" timestamp="2024-01-06T18:23:09 GMT+01:00" skipped="0">
  <testcase classname="ebanking.testcases.TC_AddNewCustomer_1103" name="addNewCustomer" time="12.854"/>
</testsuite> <!-- ebanking.testcases.TC_AddNewCustomer_1103 -->
