<?xml version="1.0" encoding="UTF-8"?>
<!-- Generated by org.testng.reporters.JUnitReportReporter -->
<testsuite hostname="LAPTOP-IVL2HKTT" failures="0" tests="1" name="ebanking.testcases.TC_LoginTest_1100" time="3.356" errors="0" timestamp="2024-01-07T16:46:44 GMT+01:00" skipped="0">
  <testcase classname="ebanking.testcases.TC_LoginTest_1100" name="LoginTest" time="3.356"/>
</testsuite> <!-- ebanking.testcases.TC_LoginTest_1100 -->
