<?xml version="1.0" encoding="UTF-8"?>
<!-- Generated by org.testng.reporters.JUnitReportReporter -->
<testsuite hostname="LAPTOP-IVL2HKTT" failures="0" tests="5" name="ebanking.testcases.TC_LoginDDT_1101" time="21.770" errors="0" timestamp="2024-01-22T23:23:44 GMT+01:00" skipped="0">
  <testcase classname="ebanking.testcases.TC_LoginDDT_1101" name="LoginDDT" time="0.003"/>
  <testcase classname="ebanking.testcases.TC_LoginDDT_1101" name="LoginDDT" time="4.338"/>
  <testcase classname="ebanking.testcases.TC_LoginDDT_1101" name="LoginDDT" time="8.376"/>
  <testcase classname="ebanking.testcases.TC_LoginDDT_1101" name="LoginDDT" time="4.320"/>
  <testcase classname="ebanking.testcases.TC_LoginDDT_1101" name="LoginDDT" time="4.733"/>
</testsuite> <!-- ebanking.testcases.TC_LoginDDT_1101 -->
