<?xml version="1.0" encoding="UTF-8"?>
<!-- Generated by org.testng.reporters.JUnitReportReporter -->
<testsuite hostname="LAPTOP-IVL2HKTT" failures="0" tests="2" name="ebanking.testcases.TC_AddNewCustomer_1103" time="0.184" errors="1" timestamp="2024-01-21T15:34:51 GMT+01:00" skipped="1">
  <testcase classname="ebanking.testcases.TC_AddNewCustomer_1103" name="addNewCustomer" time="0.000">
    <skipped/>
  </testcase> <!-- addNewCustomer -->
  <testcase classname="ebanking.testcases.TC_AddNewCustomer_1103" name="setup" time="0.184">
    <error message="Could not start a new session. Possible causes are invalid address of the remote server or browser start-up failure. 
Host info: host: &#039;LAPTOP-IVL2HKTT&#039;, ip: &#039;192.168.37.80&#039;
Build info: version: &#039;4.15.0&#039;, revision: &#039;1d14b5521b&#039;
System info: os.name: &#039;Windows 11&#039;, os.arch: &#039;amd64&#039;, os.version: &#039;10.0&#039;, java.version: &#039;21.0.1&#039;
Driver info: org.openqa.selenium.chrome.ChromeDriver
Command: [null, newSession {capabilities=[Capabilities {browserName: chrome, goog:chromeOptions: {args: [], extensions: [Q3IyNAMAAAAdBQAAEqwECqYCMII...]}}]}]" type="org.openqa.selenium.SessionNotCreatedException">
      <![CDATA[org.openqa.selenium.SessionNotCreatedException: Could not start a new session. Possible causes are invalid address of the remote server or browser start-up failure. 
Host info: host: 'LAPTOP-IVL2HKTT', ip: '192.168.37.80'
Build info: version: '4.15.0', revision: '1d14b5521b'
System info: os.name: 'Windows 11', os.arch: 'amd64', os.version: '10.0', java.version: '21.0.1'
Driver info: org.openqa.selenium.chrome.ChromeDriver
Command: [null, newSession {capabilities=[Capabilities {browserName: chrome, goog:chromeOptions: {args: [], extensions: [Q3IyNAMAAAAdBQAAEqwECqYCMII...]}}]}]
at org.openqa.selenium.remote.RemoteWebDriver.execute(RemoteWebDriver.java:625)
at org.openqa.selenium.remote.RemoteWebDriver.startSession(RemoteWebDriver.java:241)
at org.openqa.selenium.remote.RemoteWebDriver.<init>(RemoteWebDriver.java:168)
at org.openqa.selenium.chromium.ChromiumDriver.<init>(ChromiumDriver.java:108)
at org.openqa.selenium.chrome.ChromeDriver.<init>(ChromeDriver.java:89)
at org.openqa.selenium.chrome.ChromeDriver.<init>(ChromeDriver.java:84)
at org.openqa.selenium.chrome.ChromeDriver.<init>(ChromeDriver.java:73)
at ebanking.testcases.Baseclass.setup(Baseclass.java:38)
at java.base/jdk.internal.reflect.DirectMethodHandleAccessor.invoke(DirectMethodHandleAccessor.java:103)
at java.base/java.lang.reflect.Method.invoke(Method.java:580)
at org.testng.internal.invokers.MethodInvocationHelper.invokeMethod(MethodInvocationHelper.java:139)
at org.testng.internal.invokers.MethodInvocationHelper.invokeMethodConsideringTimeout(MethodInvocationHelper.java:69)
at org.testng.internal.invokers.ConfigInvoker.invokeConfigurationMethod(ConfigInvoker.java:390)
at org.testng.internal.invokers.ConfigInvoker.invokeConfigurations(ConfigInvoker.java:325)
at org.testng.internal.invokers.TestMethodWorker.invokeBeforeClassMethods(TestMethodWorker.java:180)
at org.testng.internal.invokers.TestMethodWorker.run(TestMethodWorker.java:122)
at java.base/java.util.ArrayList.forEach(ArrayList.java:1596)
at org.testng.TestRunner.privateRun(TestRunner.java:848)
at org.testng.TestRunner.run(TestRunner.java:621)
at org.testng.SuiteRunner.runTest(SuiteRunner.java:443)
at org.testng.SuiteRunner$SuiteWorker.run(SuiteRunner.java:481)
at org.testng.internal.thread.ThreadUtil.lambda$execute$0(ThreadUtil.java:58)
at java.base/java.util.concurrent.FutureTask.run(FutureTask.java:317)
at java.base/java.util.concurrent.ThreadPoolExecutor.runWorker(ThreadPoolExecutor.java:1144)
at java.base/java.util.concurrent.ThreadPoolExecutor$Worker.run(ThreadPoolExecutor.java:642)
at java.base/java.lang.Thread.run(Thread.java:1583)
Caused by: java.io.UncheckedIOException: java.io.IOException: Could not find user
at org.openqa.selenium.remote.NewSessionPayload.<init>(NewSessionPayload.java:80)
at org.openqa.selenium.remote.NewSessionPayload.create(NewSessionPayload.java:127)
at org.openqa.selenium.remote.NewSessionPayload.create(NewSessionPayload.java:111)
at org.openqa.selenium.remote.ProtocolHandshake.createSession(ProtocolHandshake.java:67)
at org.openqa.selenium.remote.HttpCommandExecutor.execute(HttpCommandExecutor.java:163)
at org.openqa.selenium.remote.service.DriverCommandExecutor.invokeExecute(DriverCommandExecutor.java:200)
at org.openqa.selenium.remote.service.DriverCommandExecutor.execute(DriverCommandExecutor.java:175)
at org.openqa.selenium.remote.RemoteWebDriver.execute(RemoteWebDriver.java:607)
... 25 more
Caused by: java.io.IOException: Could not find user
at com.google.common.io.TempFileCreator$JavaNioCreator.lambda$userPermissions$4(TempFileCreator.java:178)
at com.google.common.io.TempFileCreator$JavaNioCreator.createTempFile(TempFileCreator.java:120)
at com.google.common.io.FileBackedOutputStream.update(FileBackedOutputStream.java:238)
at com.google.common.io.FileBackedOutputStream.write(FileBackedOutputStream.java:217)
at java.base/sun.nio.cs.StreamEncoder.writeBytes(StreamEncoder.java:309)
at java.base/sun.nio.cs.StreamEncoder.implWrite(StreamEncoder.java:381)
at java.base/sun.nio.cs.StreamEncoder.implWrite(StreamEncoder.java:357)
at java.base/sun.nio.cs.StreamEncoder.lockedWrite(StreamEncoder.java:158)
at java.base/sun.nio.cs.StreamEncoder.write(StreamEncoder.java:139)
at java.base/java.io.OutputStreamWriter.write(OutputStreamWriter.java:219)
at com.google.common.io.CharStreams.copyReaderToWriter(CharStreams.java:150)
at com.google.common.io.CharStreams.copy(CharStreams.java:79)
at org.openqa.selenium.remote.NewSessionPayload.<init>(NewSessionPayload.java:78)
... 32 more
Caused by: java.nio.file.attribute.UserPrincipalNotFoundException
at java.base/sun.nio.fs.WindowsUserPrincipals.lookup(WindowsUserPrincipals.java:148)
at java.base/sun.nio.fs.WindowsFileSystem$LookupService$1.lookupPrincipalByName(WindowsFileSystem.java:246)
at com.google.common.io.TempFileCreator$JavaNioCreator.userPermissions(TempFileCreator.java:153)
at com.google.common.io.TempFileCreator$JavaNioCreator.<clinit>(TempFileCreator.java:138)
at com.google.common.io.TempFileCreator.pickSecureCreator(TempFileCreator.java:65)
at com.google.common.io.TempFileCreator.<clinit>(TempFileCreator.java:51)
... 43 more
]]>
    </error>
  </testcase> <!-- setup -->
</testsuite> <!-- ebanking.testcases.TC_AddNewCustomer_1103 -->
